VirtualBox VM 4.2.18 r88780 win.amd64 (Sep  6 2013 14:21:01) release log
00:00:03.151252 Log opened 2013-10-07T05:02:46.934800200Z
00:00:03.151255 OS Product: Windows 7
00:00:03.151256 OS Release: 6.1.7601
00:00:03.151257 OS Service Pack: 1
00:00:03.151263 Host RAM: 3998MB total, 2267MB available
00:00:03.151265 Executable: C:\Program Files\Oracle\VirtualBox\chrome.exe
00:00:03.151265 Process ID: 4976
00:00:03.151266 Package type: WINDOWS_64BITS_GENERIC
00:00:03.157505 Installed Extension Packs:
00:00:03.157566   None installed!
00:00:03.295926 SUP: Loaded VMMR0.r0 (C:\Program Files\Oracle\VirtualBox\VMMR0.r0) at 0xfffff8800a2b5000 - ModuleInit at fffff8800a2cbe70 and ModuleTerm at fffff8800a2cc180 using the native ring-0 loader
00:00:03.296012 SUP: VMMR0EntryEx located at fffff8800a2cd1e0, VMMR0EntryFast at fffff8800a2cc370 and VMMR0EntryInt at fffff8800a2cc360
00:00:03.296021 SUP: windbg> .reload /f C:\Program Files\Oracle\VirtualBox\VMMR0.r0=0xfffff8800a2b5000
00:00:03.390813 OS type: 'WindowsXP'
00:00:03.481413 File system of 'C:\Users\jianwu_xue\VirtualBox VMs\XP_SP3\Snapshots' (snapshots) is ntfs
00:00:03.481436 File system of 'C:\datapps\VBx\HardDisks\SDWM_SP3_V201002_n2.vdi' is ntfs
00:00:03.559623 Shared clipboard mode: Bidirectional
00:00:03.605088 Drag'n'drop mode: Off
00:00:03.656323 ************************* CFGM dump *************************
00:00:03.656323 [/] (level 0)
00:00:03.656323   CSAMEnabled     <integer> = 0x0000000000000001 (1)
00:00:03.656323   CpuExecutionCap <integer> = 0x0000000000000064 (100)
00:00:03.656323   EnablePAE       <integer> = 0x0000000000000000 (0)
00:00:03.656323   HwVirtExtForced <integer> = 0x0000000000000000 (0)
00:00:03.656323   MemBalloonSize  <integer> = 0x0000000000000000 (0)
00:00:03.656323   Name            <string>  = "XP_SP3" (cb=7)
00:00:03.656323   NumCPUs         <integer> = 0x0000000000000001 (1)
00:00:03.656323   PATMEnabled     <integer> = 0x0000000000000001 (1)
00:00:03.656323   PageFusion      <integer> = 0x0000000000000000 (0)
00:00:03.656323   RamHoleSize     <integer> = 0x0000000020000000 (536 870 912, 512 MB)
00:00:03.656323   RamSize         <integer> = 0x0000000050000000 (1 342 177 280, 1 280 MB)
00:00:03.656323   RawR0Enabled    <integer> = 0x0000000000000001 (1)
00:00:03.656323   RawR3Enabled    <integer> = 0x0000000000000001 (1)
00:00:03.656323   TimerMillies    <integer> = 0x000000000000000a (10)
00:00:03.656323   UUID            <bytes>   = "6e e4 21 52 cb 70 39 4e be 7c 8b 61 5b 10 62 69" (cb=16)
00:00:03.656323 
00:00:03.656323 [/CPUM/] (level 1)
00:00:03.656323   SyntheticCpu <integer> = 0x0000000000000000 (0)
00:00:03.656323 
00:00:03.656323 [/DBGF/] (level 1)
00:00:03.656323   Path <string>  = "C:\Users\jianwu_xue\VirtualBox VMs\XP_SP3/debug/;C:\Users\jianwu_xue\VirtualBox VMs\XP_SP3/;C:\Users\jianwu_xue/" (cb=113)
00:00:03.656323 
00:00:03.656324 [/Devices/] (level 1)
00:00:03.656325 
00:00:03.656325 [/Devices/8237A/] (level 2)
00:00:03.656326 
00:00:03.656326 [/Devices/8237A/0/] (level 3)
00:00:03.656328   Trusted <integer> = 0x0000000000000001 (1)
00:00:03.656329 
00:00:03.656330 [/Devices/AudioSniffer/] (level 2)
00:00:03.656331 
00:00:03.656331 [/Devices/AudioSniffer/0/] (level 3)
00:00:03.656332 
00:00:03.656332 [/Devices/AudioSniffer/0/Config/] (level 4)
00:00:03.656334 
00:00:03.656334 [/Devices/AudioSniffer/0/LUN#0/] (level 4)
00:00:03.656335   Driver <string>  = "MainAudioSniffer" (cb=17)
00:00:03.656336 
00:00:03.656336 [/Devices/AudioSniffer/0/LUN#0/Config/] (level 5)
00:00:03.656338   Object <integer> = 0x0000000002ba2830 (45 754 416)
00:00:03.656339 
00:00:03.656339 [/Devices/VMMDev/] (level 2)
00:00:03.656340 
00:00:03.656341 [/Devices/VMMDev/0/] (level 3)
00:00:03.656342   PCIBusNo      <integer> = 0x0000000000000000 (0)
00:00:03.656343   PCIDeviceNo   <integer> = 0x0000000000000004 (4)
00:00:03.656344   PCIFunctionNo <integer> = 0x0000000000000000 (0)
00:00:03.656345   Trusted       <integer> = 0x0000000000000001 (1)
00:00:03.656345 
00:00:03.656346 [/Devices/VMMDev/0/Config/] (level 4)
00:00:03.656347   GuestCoreDumpDir <string>  = "C:\Users\jianwu_xue\VirtualBox VMs\XP_SP3\Snapshots" (cb=52)
00:00:03.656348   RamSize          <integer> = 0x0000000050000000 (1 342 177 280, 1 280 MB)
00:00:03.656350 
00:00:03.656350 [/Devices/VMMDev/0/LUN#0/] (level 4)
00:00:03.656351   Driver <string>  = "HGCM" (cb=5)
00:00:03.656352 
00:00:03.656352 [/Devices/VMMDev/0/LUN#0/Config/] (level 5)
00:00:03.656353   Object <integer> = 0x0000000002d332d0 (47 395 536)
00:00:03.656355 
00:00:03.656355 [/Devices/VMMDev/0/LUN#999/] (level 4)
00:00:03.656356   Driver <string>  = "MainStatus" (cb=11)
00:00:03.656357 
00:00:03.656357 [/Devices/VMMDev/0/LUN#999/Config/] (level 5)
00:00:03.656359   First   <integer> = 0x0000000000000000 (0)
00:00:03.656359   Last    <integer> = 0x0000000000000000 (0)
00:00:03.656360   papLeds <integer> = 0x0000000002c4e888 (46 459 016)
00:00:03.656361 
00:00:03.656362 [/Devices/acpi/] (level 2)
00:00:03.656363 
00:00:03.656363 [/Devices/acpi/0/] (level 3)
00:00:03.656364   PCIBusNo      <integer> = 0x0000000000000000 (0)
00:00:03.656365   PCIDeviceNo   <integer> = 0x0000000000000007 (7)
00:00:03.656366   PCIFunctionNo <integer> = 0x0000000000000000 (0)
00:00:03.656367   Trusted       <integer> = 0x0000000000000001 (1)
00:00:03.656368 
00:00:03.656368 [/Devices/acpi/0/Config/] (level 4)
00:00:03.656370   CpuHotPlug        <integer> = 0x0000000000000000 (0)
00:00:03.656371   FdcEnabled        <integer> = 0x0000000000000000 (0)
00:00:03.656372   HostBusPciAddress <integer> = 0x0000000000000000 (0)
00:00:03.656372   HpetEnabled       <integer> = 0x0000000000000000 (0)
00:00:03.656373   IOAPIC            <integer> = 0x0000000000000000 (0)
00:00:03.656374   IocPciAddress     <integer> = 0x0000000000010000 (65 536)
00:00:03.656375   NumCPUs           <integer> = 0x0000000000000001 (1)
00:00:03.656376   RamHoleSize       <integer> = 0x0000000020000000 (536 870 912, 512 MB)
00:00:03.656378   RamSize           <integer> = 0x0000000050000000 (1 342 177 280, 1 280 MB)
00:00:03.656380   Serial0IoPortBase <integer> = 0x0000000000000000 (0)
00:00:03.656381   Serial0Irq        <integer> = 0x0000000000000000 (0)
00:00:03.656381   Serial1IoPortBase <integer> = 0x0000000000000000 (0)
00:00:03.656382   Serial1Irq        <integer> = 0x0000000000000000 (0)
00:00:03.656383   ShowCpu           <integer> = 0x0000000000000000 (0)
00:00:03.656384   ShowRtc           <integer> = 0x0000000000000000 (0)
00:00:03.656385   SmcEnabled        <integer> = 0x0000000000000000 (0)
00:00:03.656385 
00:00:03.656386 [/Devices/acpi/0/LUN#0/] (level 4)
00:00:03.656387   Driver <string>  = "ACPIHost" (cb=9)
00:00:03.656388 
00:00:03.656388 [/Devices/acpi/0/LUN#0/Config/] (level 5)
00:00:03.656389 
00:00:03.656389 [/Devices/apic/] (level 2)
00:00:03.656390 
00:00:03.656391 [/Devices/apic/0/] (level 3)
00:00:03.656392   Trusted <integer> = 0x0000000000000001 (1)
00:00:03.656393 
00:00:03.656393 [/Devices/apic/0/Config/] (level 4)
00:00:03.656394   IOAPIC  <integer> = 0x0000000000000000 (0)
00:00:03.656395   NumCPUs <integer> = 0x0000000000000001 (1)
00:00:03.656396 
00:00:03.656396 [/Devices/e1000/] (level 2)
00:00:03.656397 
00:00:03.656397 [/Devices/i8254/] (level 2)
00:00:03.656398 
00:00:03.656399 [/Devices/i8254/0/] (level 3)
00:00:03.656400 
00:00:03.656400 [/Devices/i8254/0/Config/] (level 4)
00:00:03.656401 
00:00:03.656401 [/Devices/i8259/] (level 2)
00:00:03.656402 
00:00:03.656402 [/Devices/i8259/0/] (level 3)
00:00:03.656403   Trusted <integer> = 0x0000000000000001 (1)
00:00:03.656404 
00:00:03.656404 [/Devices/i8259/0/Config/] (level 4)
00:00:03.656406 
00:00:03.656406 [/Devices/ichac97/] (level 2)
00:00:03.656407 
00:00:03.656407 [/Devices/ichac97/0/] (level 3)
00:00:03.656408   PCIBusNo      <integer> = 0x0000000000000000 (0)
00:00:03.656409   PCIDeviceNo   <integer> = 0x0000000000000005 (5)
00:00:03.656410   PCIFunctionNo <integer> = 0x0000000000000000 (0)
00:00:03.656411   Trusted       <integer> = 0x0000000000000001 (1)
00:00:03.656412 
00:00:03.656412 [/Devices/ichac97/0/Config/] (level 4)
00:00:03.656413 
00:00:03.656413 [/Devices/ichac97/0/LUN#0/] (level 4)
00:00:03.656414   Driver <string>  = "AUDIO" (cb=6)
00:00:03.656415 
00:00:03.656415 [/Devices/ichac97/0/LUN#0/Config/] (level 5)
00:00:03.656417   AudioDriver <string>  = "dsound" (cb=7)
00:00:03.656417   StreamName  <string>  = "XP_SP3" (cb=7)
00:00:03.656418 
00:00:03.656419 [/Devices/mc146818/] (level 2)
00:00:03.656419 
00:00:03.656420 [/Devices/mc146818/0/] (level 3)
00:00:03.656421 
00:00:03.656421 [/Devices/mc146818/0/Config/] (level 4)
00:00:03.656422   UseUTC <integer> = 0x0000000000000000 (0)
00:00:03.656423 
00:00:03.656423 [/Devices/parallel/] (level 2)
00:00:03.656424 
00:00:03.656425 [/Devices/pcarch/] (level 2)
00:00:03.656425 
00:00:03.656426 [/Devices/pcarch/0/] (level 3)
00:00:03.656427   Trusted <integer> = 0x0000000000000001 (1)
00:00:03.656428 
00:00:03.656428 [/Devices/pcarch/0/Config/] (level 4)
00:00:03.656429 
00:00:03.656429 [/Devices/pcbios/] (level 2)
00:00:03.656430 
00:00:03.656430 [/Devices/pcbios/0/] (level 3)
00:00:03.656432   Trusted <integer> = 0x0000000000000001 (1)
00:00:03.656432 
00:00:03.656433 [/Devices/pcbios/0/Config/] (level 4)
00:00:03.656434   BootDevice0    <string>  = "DVD" (cb=4)
00:00:03.656435   BootDevice1    <string>  = "IDE" (cb=4)
00:00:03.656436   BootDevice2    <string>  = "NONE" (cb=5)
00:00:03.656437   BootDevice3    <string>  = "NONE" (cb=5)
00:00:03.656438   FloppyDevice   <string>  = "i82078" (cb=7)
00:00:03.656439   HardDiskDevice <string>  = "piix3ide" (cb=9)
00:00:03.656439   IOAPIC         <integer> = 0x0000000000000000 (0)
00:00:03.656440   McfgBase       <integer> = 0x0000000000000000 (0)
00:00:03.656441   McfgLength     <integer> = 0x0000000000000000 (0)
00:00:03.656442   NumCPUs        <integer> = 0x0000000000000001 (1)
00:00:03.656443   PXEDebug       <integer> = 0x0000000000000000 (0)
00:00:03.656444   RamHoleSize    <integer> = 0x0000000020000000 (536 870 912, 512 MB)
00:00:03.656445   RamSize        <integer> = 0x0000000050000000 (1 342 177 280, 1 280 MB)
00:00:03.656447   UUID           <bytes>   = "6e e4 21 52 cb 70 39 4e be 7c 8b 61 5b 10 62 69" (cb=16)
00:00:03.656450 
00:00:03.656451 [/Devices/pcbios/0/Config/NetBoot/] (level 5)
00:00:03.656452 
00:00:03.656452 [/Devices/pcbios/0/Config/NetBoot/0/] (level 6)
00:00:03.656454   NIC           <integer> = 0x0000000000000000 (0)
00:00:03.656455   PCIBusNo      <integer> = 0x0000000000000000 (0)
00:00:03.656456   PCIDeviceNo   <integer> = 0x0000000000000003 (3)
00:00:03.656456   PCIFunctionNo <integer> = 0x0000000000000000 (0)
00:00:03.656457 
00:00:03.656457 [/Devices/pci/] (level 2)
00:00:03.656458 
00:00:03.656459 [/Devices/pci/0/] (level 3)
00:00:03.656460   Trusted <integer> = 0x0000000000000001 (1)
00:00:03.656460 
00:00:03.656461 [/Devices/pci/0/Config/] (level 4)
00:00:03.656462   IOAPIC <integer> = 0x0000000000000000 (0)
00:00:03.656463 
00:00:03.656463 [/Devices/pckbd/] (level 2)
00:00:03.656464 
00:00:03.656464 [/Devices/pckbd/0/] (level 3)
00:00:03.656465   Trusted <integer> = 0x0000000000000001 (1)
00:00:03.656466 
00:00:03.656466 [/Devices/pckbd/0/Config/] (level 4)
00:00:03.656467 
00:00:03.656467 [/Devices/pckbd/0/LUN#0/] (level 4)
00:00:03.656469   Driver <string>  = "KeyboardQueue" (cb=14)
00:00:03.656469 
00:00:03.656470 [/Devices/pckbd/0/LUN#0/AttachedDriver/] (level 5)
00:00:03.656471   Driver <string>  = "MainKeyboard" (cb=13)
00:00:03.656472 
00:00:03.656472 [/Devices/pckbd/0/LUN#0/AttachedDriver/Config/] (level 6)
00:00:03.656474   Object <integer> = 0x0000000002c06fa0 (46 165 920)
00:00:03.656475 
00:00:03.656475 [/Devices/pckbd/0/LUN#0/Config/] (level 5)
00:00:03.656476   QueueSize <integer> = 0x0000000000000040 (64)
00:00:03.656477 
00:00:03.656478 [/Devices/pckbd/0/LUN#1/] (level 4)
00:00:03.656479   Driver <string>  = "MouseQueue" (cb=11)
00:00:03.656479 
00:00:03.656480 [/Devices/pckbd/0/LUN#1/AttachedDriver/] (level 5)
00:00:03.656481   Driver <string>  = "MainMouse" (cb=10)
00:00:03.656482 
00:00:03.656482 [/Devices/pckbd/0/LUN#1/AttachedDriver/Config/] (level 6)
00:00:03.656484   Object <integer> = 0x0000000002be44b0 (46 023 856)
00:00:03.656485 
00:00:03.656485 [/Devices/pckbd/0/LUN#1/Config/] (level 5)
00:00:03.656487   QueueSize <integer> = 0x0000000000000080 (128)
00:00:03.656487 
00:00:03.656488 [/Devices/pcnet/] (level 2)
00:00:03.656489 
00:00:03.656489 [/Devices/pcnet/0/] (level 3)
00:00:03.656490   PCIBusNo      <integer> = 0x0000000000000000 (0)
00:00:03.656491   PCIDeviceNo   <integer> = 0x0000000000000003 (3)
00:00:03.656492   PCIFunctionNo <integer> = 0x0000000000000000 (0)
00:00:03.656493   Trusted       <integer> = 0x0000000000000001 (1)
00:00:03.656494 
00:00:03.656494 [/Devices/pcnet/0/Config/] (level 4)
00:00:03.656495   Am79C973       <integer> = 0x0000000000000001 (1)
00:00:03.656496   CableConnected <integer> = 0x0000000000000001 (1)
00:00:03.656497   LineSpeed      <integer> = 0x0000000000000000 (0)
00:00:03.656498   MAC            <bytes>   = "08 00 27 4a b7 0a" (cb=6)
00:00:03.656499 
00:00:03.656500 [/Devices/pcnet/0/LUN#0/] (level 4)
00:00:03.656501   Driver <string>  = "NAT" (cb=4)
00:00:03.656502 
00:00:03.656502 [/Devices/pcnet/0/LUN#0/Config/] (level 5)
00:00:03.656503   AliasMode       <integer> = 0x0000000000000000 (0)
00:00:03.656504   BootFile        <string>  = "XP_SP3.pxe" (cb=11)
00:00:03.656505   DNSProxy        <integer> = 0x0000000000000000 (0)
00:00:03.656506   Network         <string>  = "10.0.2.0/24" (cb=12)
00:00:03.656507   PassDomain      <integer> = 0x0000000000000001 (1)
00:00:03.656508   TFTPPrefix      <string>  = "C:\Users\jianwu_xue/.VirtualBox\TFTP" (cb=37)
00:00:03.656509   UseHostResolver <integer> = 0x0000000000000000 (0)
00:00:03.656510 
00:00:03.656510 [/Devices/pcnet/0/LUN#999/] (level 4)
00:00:03.656511   Driver <string>  = "MainStatus" (cb=11)
00:00:03.656512 
00:00:03.656512 [/Devices/pcnet/0/LUN#999/Config/] (level 5)
00:00:03.656514   First   <integer> = 0x0000000000000000 (0)
00:00:03.656514   Last    <integer> = 0x0000000000000000 (0)
00:00:03.656515   papLeds <integer> = 0x0000000002c4e768 (46 458 728)
00:00:03.656516 
00:00:03.656517 [/Devices/piix3ide/] (level 2)
00:00:03.656518 
00:00:03.656518 [/Devices/piix3ide/0/] (level 3)
00:00:03.656519   PCIBusNo      <integer> = 0x0000000000000000 (0)
00:00:03.656520   PCIDeviceNo   <integer> = 0x0000000000000001 (1)
00:00:03.656521   PCIFunctionNo <integer> = 0x0000000000000001 (1)
00:00:03.656521   Trusted       <integer> = 0x0000000000000001 (1)
00:00:03.656522 
00:00:03.656522 [/Devices/piix3ide/0/Config/] (level 4)
00:00:03.656524   Type <string>  = "PIIX4" (cb=6)
00:00:03.656524 
00:00:03.656525 [/Devices/piix3ide/0/Config/PrimaryMaster/] (level 5)
00:00:03.656526   NonRotationalMedium <integer> = 0x0000000000000000 (0)
00:00:03.656527 
00:00:03.656527 [/Devices/piix3ide/0/Config/SecondaryMaster/] (level 5)
00:00:03.656529   NonRotationalMedium <integer> = 0x0000000000000000 (0)
00:00:03.656530 
00:00:03.656530 [/Devices/piix3ide/0/LUN#0/] (level 4)
00:00:03.656531   Driver <string>  = "Block" (cb=6)
00:00:03.656532 
00:00:03.656532 [/Devices/piix3ide/0/LUN#0/AttachedDriver/] (level 5)
00:00:03.656533   Driver <string>  = "VD" (cb=3)
00:00:03.656534 
00:00:03.656534 [/Devices/piix3ide/0/LUN#0/AttachedDriver/Config/] (level 6)
00:00:03.656536   Format <string>  = "VDI" (cb=4)
00:00:03.656537   Path   <string>  = "C:\datapps\VBx\HardDisks\SDWM_SP3_V201002_n2.vdi" (cb=49)
00:00:03.656537   Type   <string>  = "HardDisk" (cb=9)
00:00:03.656538 
00:00:03.656538 [/Devices/piix3ide/0/LUN#0/Config/] (level 5)
00:00:03.656540   Mountable <integer> = 0x0000000000000000 (0)
00:00:03.656541   Type      <string>  = "HardDisk" (cb=9)
00:00:03.656541 
00:00:03.656542 [/Devices/piix3ide/0/LUN#2/] (level 4)
00:00:03.656543   Driver <string>  = "Block" (cb=6)
00:00:03.656543 
00:00:03.656544 [/Devices/piix3ide/0/LUN#2/Config/] (level 5)
00:00:03.656545   Mountable <integer> = 0x0000000000000001 (1)
00:00:03.656546   Type      <string>  = "DVD" (cb=4)
00:00:03.656546 
00:00:03.656547 [/Devices/piix3ide/0/LUN#999/] (level 4)
00:00:03.656548   Driver <string>  = "MainStatus" (cb=11)
00:00:03.656548 
00:00:03.656549 [/Devices/piix3ide/0/LUN#999/Config/] (level 5)
00:00:03.656550   DeviceInstance        <string>  = "piix3ide/0" (cb=11)
00:00:03.656551   First                 <integer> = 0x0000000000000000 (0)
00:00:03.656552   Last                  <integer> = 0x0000000000000003 (3)
00:00:03.656553   pConsole              <integer> = 0x0000000002c4e280 (46 457 472)
00:00:03.656554   papLeds               <integer> = 0x0000000002c4e598 (46 458 264)
00:00:03.656555   pmapMediumAttachments <integer> = 0x0000000002c4e8a0 (46 459 040)
00:00:03.656557 
00:00:03.656557 [/Devices/serial/] (level 2)
00:00:03.656558 
00:00:03.656558 [/Devices/usb-ohci/] (level 2)
00:00:03.656559 
00:00:03.656559 [/Devices/usb-ohci/0/] (level 3)
00:00:03.656561   PCIBusNo      <integer> = 0x0000000000000000 (0)
00:00:03.656561   PCIDeviceNo   <integer> = 0x0000000000000006 (6)
00:00:03.656562   PCIFunctionNo <integer> = 0x0000000000000000 (0)
00:00:03.656563   Trusted       <integer> = 0x0000000000000001 (1)
00:00:03.656564 
00:00:03.656564 [/Devices/usb-ohci/0/Config/] (level 4)
00:00:03.656565 
00:00:03.656566 [/Devices/usb-ohci/0/LUN#0/] (level 4)
00:00:03.656567   Driver <string>  = "VUSBRootHub" (cb=12)
00:00:03.656567 
00:00:03.656568 [/Devices/usb-ohci/0/LUN#0/Config/] (level 5)
00:00:03.656569 
00:00:03.656569 [/Devices/usb-ohci/0/LUN#999/] (level 4)
00:00:03.656570   Driver <string>  = "MainStatus" (cb=11)
00:00:03.656571 
00:00:03.656571 [/Devices/usb-ohci/0/LUN#999/Config/] (level 5)
00:00:03.656573   First   <integer> = 0x0000000000000000 (0)
00:00:03.656573   Last    <integer> = 0x0000000000000000 (0)
00:00:03.656574   papLeds <integer> = 0x0000000002c4e890 (46 459 024)
00:00:03.656575 
00:00:03.656576 [/Devices/vga/] (level 2)
00:00:03.656576 
00:00:03.656577 [/Devices/vga/0/] (level 3)
00:00:03.656578   PCIBusNo      <integer> = 0x0000000000000000 (0)
00:00:03.656579   PCIDeviceNo   <integer> = 0x0000000000000002 (2)
00:00:03.656579   PCIFunctionNo <integer> = 0x0000000000000000 (0)
00:00:03.656580   Trusted       <integer> = 0x0000000000000001 (1)
00:00:03.656581 
00:00:03.656581 [/Devices/vga/0/Config/] (level 4)
00:00:03.656583   CustomVideoModes <integer> = 0x0000000000000000 (0)
00:00:03.656583   FadeIn           <integer> = 0x0000000000000001 (1)
00:00:03.656584   FadeOut          <integer> = 0x0000000000000001 (1)
00:00:03.656585   HeightReduction  <integer> = 0x0000000000000000 (0)
00:00:03.656586   LogoFile         <string>  = "" (cb=1)
00:00:03.656587   LogoTime         <integer> = 0x0000000000000000 (0)
00:00:03.656588   MonitorCount     <integer> = 0x0000000000000001 (1)
00:00:03.656589   ShowBootMenu     <integer> = 0x0000000000000002 (2)
00:00:03.656589   VRamSize         <integer> = 0x0000000004000000 (67 108 864, 64 MB)
00:00:03.656591 
00:00:03.656591 [/Devices/vga/0/LUN#0/] (level 4)
00:00:03.656593   Driver <string>  = "MainDisplay" (cb=12)
00:00:03.656593 
00:00:03.656594 [/Devices/vga/0/LUN#0/Config/] (level 5)
00:00:03.656595   Object <integer> = 0x0000000002c508e0 (46 467 296)
00:00:03.656596 
00:00:03.656596 [/Devices/virtio-net/] (level 2)
00:00:03.656597 
00:00:03.656598 [/HWVirtExt/] (level 1)
00:00:03.656599   EnableLargePages   <integer> = 0x0000000000000001 (1)
00:00:03.656600   EnableNestedPaging <integer> = 0x0000000000000001 (1)
00:00:03.656601   EnableVPID         <integer> = 0x0000000000000001 (1)
00:00:03.656602   Enabled            <integer> = 0x0000000000000001 (1)
00:00:03.656603   Exclusive          <integer> = 0x0000000000000000 (0)
00:00:03.656604 
00:00:03.656604 [/MM/] (level 1)
00:00:03.656605   CanUseLargerHeap <integer> = 0x0000000000000000 (0)
00:00:03.656605 
00:00:03.656606 [/PDM/] (level 1)
00:00:03.656607 
00:00:03.656607 [/PDM/AsyncCompletion/] (level 2)
00:00:03.656608 
00:00:03.656608 [/PDM/AsyncCompletion/File/] (level 3)
00:00:03.656609 
00:00:03.656610 [/PDM/AsyncCompletion/File/BwGroups/] (level 4)
00:00:03.656611 
00:00:03.656611 [/PDM/BlkCache/] (level 2)
00:00:03.656612   CacheSize <integer> = 0x0000000000500000 (5 242 880, 5 MB)
00:00:03.656614 
00:00:03.656614 [/PDM/Devices/] (level 2)
00:00:03.656615 
00:00:03.656615 [/PDM/Drivers/] (level 2)
00:00:03.656616 
00:00:03.656616 [/PDM/Drivers/VBoxC/] (level 3)
00:00:03.656617   Path <string>  = "VBoxC" (cb=6)
00:00:03.656618 
00:00:03.656618 [/PDM/NetworkShaper/] (level 2)
00:00:03.656619 
00:00:03.656620 [/PDM/NetworkShaper/BwGroups/] (level 3)
00:00:03.656621 
00:00:03.656621 [/TM/] (level 1)
00:00:03.656622   UTCOffset <integer> = 0x0000000000000000 (0)
00:00:03.656623 
00:00:03.656623 [/USB/] (level 1)
00:00:03.656624 
00:00:03.656624 [/USB/HidMouse/] (level 2)
00:00:03.656625 
00:00:03.656625 [/USB/HidMouse/0/] (level 3)
00:00:03.656626 
00:00:03.656626 [/USB/HidMouse/0/Config/] (level 4)
00:00:03.656627   Absolute <integer> = 0x0000000000000001 (1)
00:00:03.656628 
00:00:03.656629 [/USB/HidMouse/0/LUN#0/] (level 4)
00:00:03.656630   Driver <string>  = "MouseQueue" (cb=11)
00:00:03.656630 
00:00:03.656631 [/USB/HidMouse/0/LUN#0/AttachedDriver/] (level 5)
00:00:03.656632   Driver <string>  = "MainMouse" (cb=10)
00:00:03.656633 
00:00:03.656633 [/USB/HidMouse/0/LUN#0/AttachedDriver/Config/] (level 6)
00:00:03.656634   Object <integer> = 0x0000000002be44b0 (46 023 856)
00:00:03.656636 
00:00:03.656636 [/USB/HidMouse/0/LUN#0/Config/] (level 5)
00:00:03.656637   QueueSize <integer> = 0x0000000000000080 (128)
00:00:03.656638 
00:00:03.656638 [/USB/USBProxy/] (level 2)
00:00:03.656639 
00:00:03.656640 [/USB/USBProxy/GlobalConfig/] (level 3)
00:00:03.656641 
00:00:03.656641 ********************* End of CFGM dump **********************
00:00:03.656711 MM: cbHyperHeap=0x140000 (1310720)
00:00:03.745715 Debug: HCPhysInterPD=00000000d9c67000 HCPhysInterPaePDPT=00000000d9c64000 HCPhysInterPaePML4=00000000d9c60000
00:00:03.745749 Debug: apInterPTs={00000000d9c66000,00000000d9c65000} apInterPaePTs={0000000094160000,00000000260e1000} apInterPaePDs={000000007ac62000,000000007ba63000,0000000004ce4000,00000000397e5000} pInterPaePDPT64=00000000d9c63000
00:00:03.745765 Host paging mode: AMD64+PGE+NX
00:00:03.745780 PGMPool: cMaxPages=688 (u64MaxPages=673)
00:00:03.745788 pgmR3PoolInit: cMaxPages=0x2b0 cMaxUsers=0x560 cMaxPhysExts=0x560 fCacheEnable=true 
00:00:03.781347 TM: GIP - u32Mode=1 (SyncTSC) u32UpdateHz=64
00:00:03.813137 TM: cTSCTicksPerSecond=0xb6cb8e00 (3 066 793 472) fTSCVirtualized=true  fTSCUseRealTSC=false
00:00:03.813144 TM: fMaybeUseOffsettedHostTSC=true  TSCTiedToExecution=false TSCNotTiedToHalt=false
00:00:03.814404 CoreCode: R3=0000000000570000 R0=fffff8800940d000 RC=a0698000 Phys=00000000d9c01000 cb=0x1000
00:00:03.851392 AIOMgr: Default manager type is "Async"
00:00:03.851417 AIOMgr: Default file backend is "NonBuffered"
00:00:03.852021 BlkCache: Cache successfully initialised. Cache size is 5242880 bytes
00:00:03.852039 BlkCache: Cache commit interval is 10000 ms
00:00:03.852048 BlkCache: Cache commit threshold is 2621440 bytes
00:00:03.926016 [SMP] BIOS with 1 CPUs
00:00:03.964771 SUP: Loaded VBoxDDR0.r0 (C:\Program Files\Oracle\VirtualBox\VBoxDDR0.r0) at 0xfffff8800a347000 - ModuleInit at 0000000000000000 and ModuleTerm at 0000000000000000 using the native ring-0 loader
00:00:03.964797 SUP: windbg> .reload /f C:\Program Files\Oracle\VirtualBox\VBoxDDR0.r0=0xfffff8800a347000
00:00:03.987355 SUP: Loaded VBoxDD2R0.r0 (C:\Program Files\Oracle\VirtualBox\VBoxDD2R0.r0) at 0xfffff8800a36a000 - ModuleInit at 0000000000000000 and ModuleTerm at 0000000000000000 using the native ring-0 loader
00:00:03.987381 SUP: windbg> .reload /f C:\Program Files\Oracle\VirtualBox\VBoxDD2R0.r0=0xfffff8800a36a000
00:00:03.987441 Activating Local APIC
00:00:03.987449 CPUMSetGuestCpuIdFeature: Enabled APIC
00:00:03.987453 CPUMClearGuestCpuIdFeature: Disabled x2APIC
00:00:03.987684 PIT: mode=3 count=0x10000 (65536) - 18.20 Hz (ch=0)
00:00:03.999497 Shared Folders service loaded.
00:00:04.046341 DrvBlock: Flushes will be ignored
00:00:04.046363 DrvBlock: Async flushes will be passed to the disk
00:00:04.047946 VDInit finished
00:00:04.048433 VD: Opening the disk took 1628865 ns
00:00:04.048569 PIIX3 ATA: LUN#0: disk, PCHS=16383/16/63, total number of sectors 41943040
00:00:04.048586 PIIX3 ATA: LUN#1: no unit
00:00:04.048739 DrvBlock: Flushes will be ignored
00:00:04.048757 DrvBlock: Async flushes will be passed to the disk
00:00:04.048912 PIIX3 ATA: LUN#2: CD/DVD, total number of sectors 0, passthrough disabled
00:00:04.048928 PIIX3 ATA: LUN#3: no unit
00:00:04.049277 PIIX3 ATA: Ctl#1: finished processing RESET
00:00:04.049316 PIIX3 ATA: Ctl#0: finished processing RESET
00:00:04.069148 NAT: DNS#0: 148.164.51.80
00:00:04.069166 NAT: DNS#1: 148.164.57.204
00:00:04.070099 Audio: Trying driver 'dsound'.
00:00:04.125032 Audio: set_record_source ars=0 als=0 (not implemented)
00:00:04.152081 VUSB: attached 'HidMouse' to port 1
00:00:04.153338 DevPcBios: ATA LUN#0 LCHS=2610/255/63
00:00:04.153421 PGM: The CPU physical address width is 36 bits
00:00:04.153428 PGMR3InitFinalize: 4 MB PSE mask 0000000fffffffff
00:00:04.157232 VMM: fUsePeriodicPreemptionTimers=false
00:00:04.157250 Logical host processors: 4 present, 4 max, 4 online, online mask: 000000000000000f
00:00:04.157252 ************************* CPUID dump ************************
00:00:04.193412          RAW Standard CPUIDs
00:00:04.193413      Function  eax      ebx      ecx      edx
00:00:04.193415 Gst: 00000000  00000005 756e6547 6c65746e 49656e69
00:00:04.193419 Hst:           0000000d 756e6547 6c65746e 49656e69
00:00:04.193421 Gst: 00000001  000306a9 00000800 00000209 078bf3bf
00:00:04.193423 Hst:           000306a9 00100800 7fbae3ff bfebfbff
00:00:04.193425 Gst: 00000002  76035a01 00f0b0ff 00000000 00ca0000
00:00:04.193427 Hst:           76035a01 00f0b0ff 00000000 00ca0000
00:00:04.193429 Gst: 00000003  00000000 00000000 00000000 00000000
00:00:04.193430 Hst:           00000000 00000000 00000000 00000000
00:00:04.193432 Gst: 00000004  00000000 00000000 00000000 00000000
00:00:04.193433 Hst:           1c004121 01c0003f 0000003f 00000000
00:00:04.193435 Gst: 00000005  00000040 00000040 00000000 00000000
00:00:04.193436 Hst:           00000040 00000040 00000003 00001120
00:00:04.193438 Name:                            GenuineIntel
00:00:04.193439 Supports:                        0-5
00:00:04.193440 Family:                          6  	Extended: 0 	Effective: 6
00:00:04.193442 Model:                           10  	Extended: 3 	Effective: 58
00:00:04.193443 Stepping:                        9
00:00:04.193444 Type:                            0 (primary)
00:00:04.193445 APIC ID:                         0x00
00:00:04.193446 Logical CPUs:                    0
00:00:04.193447 CLFLUSH Size:                    8
00:00:04.193447 Brand ID:                        0x00
00:00:04.193451 Mnemonic - Description                 = guest (host)
00:00:04.193452 FPU - x87 FPU on Chip                  = 1 (1)
00:00:04.193453 VME - Virtual 8086 Mode Enhancements   = 1 (1)
00:00:04.193454 DE - Debugging extensions              = 1 (1)
00:00:04.193455 PSE - Page Size Extension              = 1 (1)
00:00:04.193456 TSC - Time Stamp Counter               = 1 (1)
00:00:04.193466 MSR - Model Specific Registers         = 1 (1)
00:00:04.193466 PAE - Physical Address Extension       = 0 (1)
00:00:04.193467 MCE - Machine Check Exception          = 1 (1)
00:00:04.193467 CX8 - CMPXCHG8B instruction            = 1 (1)
00:00:04.193468 APIC - APIC On-Chip                    = 1 (1)
00:00:04.193468 10 - Reserved                          = 0 (0)
00:00:04.193468 SEP - SYSENTER and SYSEXIT             = 0 (1)
00:00:04.193469 MTRR - Memory Type Range Registers     = 1 (1)
00:00:04.193469 PGE - PTE Global Bit                   = 1 (1)
00:00:04.193470 MCA - Machine Check Architecture       = 1 (1)
00:00:04.193470 CMOV - Conditional Move Instructions   = 1 (1)
00:00:04.193471 PAT - Page Attribute Table             = 1 (1)
00:00:04.193471 PSE-36 - 36-bit Page Size Extention    = 1 (1)
00:00:04.193472 PSN - Processor Serial Number          = 0 (0)
00:00:04.193472 CLFSH - CLFLUSH Instruction.           = 1 (1)
00:00:04.193473 20 - Reserved                          = 0 (0)
00:00:04.193473 DS - Debug Store                       = 0 (1)
00:00:04.193474 ACPI - Thermal Mon. & Soft. Clock Ctrl.= 0 (1)
00:00:04.193474 MMX - Intel MMX Technology             = 1 (1)
00:00:04.193475 FXSR - FXSAVE and FXRSTOR Instructions = 1 (1)
00:00:04.193475 SSE - SSE Support                      = 1 (1)
00:00:04.193475 SSE2 - SSE2 Support                    = 1 (1)
00:00:04.193476 SS - Self Snoop                        = 0 (1)
00:00:04.193476 HTT - Hyper-Threading Technology       = 0 (1)
00:00:04.193477 TM - Thermal Monitor                   = 0 (1)
00:00:04.193477 30 - Reserved                          = 0 (0)
00:00:04.193478 PBE - Pending Break Enable             = 0 (1)
00:00:04.193478 Supports SSE3                          = 1 (1)
00:00:04.193479 PCLMULQDQ                              = 0 (1)
00:00:04.193479 DS Area 64-bit layout                  = 0 (1)
00:00:04.193480 Supports MONITOR/MWAIT                 = 1 (1)
00:00:04.193480 CPL-DS - CPL Qualified Debug Store     = 0 (1)
00:00:04.193481 VMX - Virtual Machine Technology       = 0 (1)
00:00:04.193481 SMX - Safer Mode Extensions            = 0 (1)
00:00:04.193481 Enhanced SpeedStep Technology          = 0 (1)
00:00:04.193482 Terminal Monitor 2                     = 0 (1)
00:00:04.193482 Supplemental SSE3 instructions         = 1 (1)
00:00:04.193484 L1 Context ID                          = 0 (0)
00:00:04.193484 11 - Reserved                          = 0 (0)
00:00:04.193485 FMA extensions using YMM state         = 0 (0)
00:00:04.193485 CMPXCHG16B instruction                 = 0 (1)
00:00:04.193486 xTPR Update Control                    = 0 (1)
00:00:04.193486 Perf/Debug Capability MSR              = 0 (1)
00:00:04.193487 16 - Reserved                          = 0 (0)
00:00:04.193487 PCID - Process-context identifiers     = 0 (1)
00:00:04.193488 DCA - Direct Cache Access              = 0 (0)
00:00:04.193488 SSE4.1 instruction extensions          = 0 (1)
00:00:04.193489 SSE4.2 instruction extensions          = 0 (1)
00:00:04.193489 Supports the x2APIC extensions         = 0 (1)
00:00:04.193490 MOVBE instruction                      = 0 (0)
00:00:04.193490 POPCNT instruction                     = 0 (1)
00:00:04.193491 TSC-Deadline LAPIC timer mode          = 0 (1)
00:00:04.193491 AESNI instruction extensions           = 0 (1)
00:00:04.193492 XSAVE/XRSTOR extended state feature    = 0 (1)
00:00:04.193492 Supports OSXSAVE                       = 0 (1)
00:00:04.193493 AVX instruction extensions             = 0 (1)
00:00:04.193493 29/30 - Reserved                       = 0x0 (0x3)
00:00:04.193494 Hypervisor Present (we're a guest)     = 0 (0)
00:00:04.193494 
00:00:04.193494          RAW Extended CPUIDs
00:00:04.193495      Function  eax      ebx      ecx      edx
00:00:04.193495 Gst: 80000000  80000008 00000000 00000000 00000000
00:00:04.193496 Hst:           80000008 00000000 00000000 00000000
00:00:04.193497 Gst: 80000001  00000000 00000000 00000000 08000000
00:00:04.193498 Hst:           00000000 00000000 00000001 28100800
00:00:04.193499 Gst: 80000002  20202020 20202020 65746e49 2952286c
00:00:04.193500 Hst:           20202020 20202020 65746e49 2952286c
00:00:04.193501 Gst: 80000003  726f4320 4d542865 35692029 3734332d
00:00:04.193502 Hst:           726f4320 4d542865 35692029 3734332d
00:00:04.193503 Gst: 80000004  50432030 20402055 30322e33 007a4847
00:00:04.193504 Hst:           50432030 20402055 30322e33 007a4847
00:00:04.193505 Gst: 80000005  00000000 00000000 00000000 00000000
00:00:04.193506 Hst:           00000000 00000000 00000000 00000000
00:00:04.193507 Gst: 80000006  00000000 00000000 01006040 00000000
00:00:04.193507 Hst:           00000000 00000000 01006040 00000000
00:00:04.193508 Gst: 80000007  00000000 00000000 00000000 00000000
00:00:04.193509 Hst:           00000000 00000000 00000000 00000100
00:00:04.193510 Gst: 80000008  00003024 00000000 00000000 00000000
00:00:04.193510 Hst:           00003024 00000000 00000000 00000000
00:00:04.193511 Gst: 80000009  00000007 00000340 00000340 00000000*
00:00:04.193512 Hst:           00000007 00000340 00000340 00000000
00:00:04.193513 Ext Name:                        
00:00:04.193513 Ext Supports:                    0x80000000-0x80000008
00:00:04.193514 Family:                          0  	Extended: 0 	Effective: 0
00:00:04.193515 Model:                           0  	Extended: 0 	Effective: 0
00:00:04.193515 Stepping:                        0
00:00:04.193516 Brand ID:                        0x000
00:00:04.193516 Mnemonic - Description                 = guest (host)
00:00:04.193517 FPU - x87 FPU on Chip                  = 0 (0)
00:00:04.193518 VME - Virtual 8086 Mode Enhancements   = 0 (0)
00:00:04.193519 DE - Debugging extensions              = 0 (0)
00:00:04.193519 PSE - Page Size Extension              = 0 (0)
00:00:04.193519 TSC - Time Stamp Counter               = 0 (0)
00:00:04.193520 MSR - K86 Model Specific Registers     = 0 (0)
00:00:04.193520 PAE - Physical Address Extension       = 0 (0)
00:00:04.193521 MCE - Machine Check Exception          = 0 (0)
00:00:04.193521 CX8 - CMPXCHG8B instruction            = 0 (0)
00:00:04.193522 APIC - APIC On-Chip                    = 0 (0)
00:00:04.193522 10 - Reserved                          = 0 (0)
00:00:04.193523 SEP - SYSCALL and SYSRET               = 0 (1)
00:00:04.193523 MTRR - Memory Type Range Registers     = 0 (0)
00:00:04.193524 PGE - PTE Global Bit                   = 0 (0)
00:00:04.193524 MCA - Machine Check Architecture       = 0 (0)
00:00:04.193525 CMOV - Conditional Move Instructions   = 0 (0)
00:00:04.193525 PAT - Page Attribute Table             = 0 (0)
00:00:04.193525 PSE-36 - 36-bit Page Size Extention    = 0 (0)
00:00:04.193526 18 - Reserved                          = 0 (0)
00:00:04.193526 19 - Reserved                          = 0 (0)
00:00:04.193527 NX - No-Execute Page Protection        = 0 (1)
00:00:04.193527 DS - Debug Store                       = 0 (0)
00:00:04.193528 AXMMX - AMD Extensions to MMX Instr.   = 0 (0)
00:00:04.193528 MMX - Intel MMX Technology             = 0 (0)
00:00:04.193529 FXSR - FXSAVE and FXRSTOR Instructions = 0 (0)
00:00:04.193529 25 - AMD fast FXSAVE and FXRSTOR Instr.= 0 (0)
00:00:04.193530 26 - 1 GB large page support           = 0 (0)
00:00:04.193530 27 - RDTSCP instruction                = 1 (1)
00:00:04.193531 28 - Reserved                          = 0 (0)
00:00:04.193531 29 - AMD Long Mode                     = 0 (1)
00:00:04.193531 30 - AMD Extensions to 3DNow!          = 0 (0)
00:00:04.193532 31 - AMD 3DNow!                        = 0 (0)
00:00:04.193532 LahfSahf - LAHF/SAHF in 64-bit mode    = 0 (1)
00:00:04.193533 CmpLegacy - Core MP legacy mode (depr) = 0 (0)
00:00:04.193533 SVM - AMD VM Extensions                = 0 (0)
00:00:04.193534 APIC registers starting at 0x400       = 0 (0)
00:00:04.193534 AltMovCR8 - LOCK MOV CR0 means MOV CR8 = 0 (0)
00:00:04.193535 5  - Advanced bit manipulation         = 0 (0)
00:00:04.193535 6  - SSE4A instruction support         = 0 (0)
00:00:04.193536 7  - Misaligned SSE mode               = 0 (0)
00:00:04.193536 8  - PREFETCH and PREFETCHW instruction= 0 (0)
00:00:04.193536 9  - OS visible workaround             = 0 (0)
00:00:04.193537 10 - Instruction based sampling        = 0 (0)
00:00:04.193537 11 - SSE5 support                      = 0 (0)
00:00:04.193538 12 - SKINIT, STGI, and DEV support     = 0 (0)
00:00:04.193538 13 - Watchdog timer support.           = 0 (0)
00:00:04.193539 31:14 - Reserved                       = 0x0 (0x0)
00:00:04.193539 Full Name:                               Intel(R) Core(TM) i5-3470 CPU @ 3.20GHz
00:00:04.193540 TLB 2/4M Instr/Uni:              res0     0 entries
00:00:04.193541 TLB 2/4M Data:                   res0     0 entries
00:00:04.193541 TLB 4K Instr/Uni:                res0     0 entries
00:00:04.193542 TLB 4K Data:                     res0     0 entries
00:00:04.193542 L1 Instr Cache Line Size:        0 bytes
00:00:04.193543 L1 Instr Cache Lines Per Tag:    0
00:00:04.193543 L1 Instr Cache Associativity:    res0  
00:00:04.193544 L1 Instr Cache Size:             0 KB
00:00:04.193544 L1 Data Cache Line Size:         0 bytes
00:00:04.193544 L1 Data Cache Lines Per Tag:     0
00:00:04.193545 L1 Data Cache Associativity:     res0  
00:00:04.193545 L1 Data Cache Size:              0 KB
00:00:04.193546 L2 TLB 2/4M Instr/Uni:           off       0 entries
00:00:04.193546 L2 TLB 2/4M Data:                off       0 entries
00:00:04.193547 L2 TLB 4K Instr/Uni:             off       0 entries
00:00:04.193547 L2 TLB 4K Data:                  off       0 entries
00:00:04.193548 L2 Cache Line Size:              0 bytes
00:00:04.193548 L2 Cache Lines Per Tag:          0
00:00:04.193549 L2 Cache Associativity:          off   
00:00:04.193549 L2 Cache Size:                   0 KB
00:00:04.193550 APM Features:                   
00:00:04.193550 Physical Address Width:          36 bits
00:00:04.193551 Virtual Address Width:           48 bits
00:00:04.193551 Guest Physical Address Width:    0 bits
00:00:04.193551 Physical Core Count:             0
00:00:04.193552 
00:00:04.193552          RAW Centaur CPUIDs
00:00:04.193552      Function  eax      ebx      ecx      edx
00:00:04.193553 Gst: c0000000  00000007 00000340 00000340 00000000
00:00:04.193554 Hst:           00000007 00000340 00000340 00000000
00:00:04.193555 Gst: c0000001  00000007 00000340 00000340 00000000
00:00:04.193555 Hst:           00000007 00000340 00000340 00000000
00:00:04.193556 Gst: c0000002  00000007 00000340 00000340 00000000
00:00:04.193557 Hst:           00000007 00000340 00000340 00000000
00:00:04.193558 Gst: c0000003  00000007 00000340 00000340 00000000
00:00:04.193558 Hst:           00000007 00000340 00000340 00000000
00:00:04.193559 Centaur Supports:                0xc0000000-0x00000007
00:00:04.193560 Mnemonic - Description                 = guest (host)
00:00:04.193560 AIS - Alternate Instruction Set        = 0 (0)
00:00:04.193561 AIS-E - AIS enabled                    = 0 (0)
00:00:04.193561 RNG - Random Number Generator          = 0 (0)
00:00:04.193562 RNG-E - RNG enabled                    = 0 (0)
00:00:04.193562 LH - LongHaul MSR 0000_110Ah           = 0 (0)
00:00:04.193563 FEMMS - FEMMS                          = 0 (0)
00:00:04.193563 ACE - Advanced Cryptography Engine     = 0 (0)
00:00:04.193564 ACE-E - ACE enabled                    = 0 (0)
00:00:04.193564 ACE2 - Advanced Cryptography Engine 2  = 0 (0)
00:00:04.193565 ACE2-E - ACE enabled                   = 0 (0)
00:00:04.193565 PHE - Padlock Hash Engine              = 0 (0)
00:00:04.193566 PHE-E - PHE enabled                    = 0 (0)
00:00:04.193566 PMM - Montgomery Multiplier            = 0 (0)
00:00:04.193567 PMM-E - PMM enabled                    = 0 (0)
00:00:04.193567 14 - Reserved                          = 0 (0)
00:00:04.193567 15 - Reserved                          = 0 (0)
00:00:04.193568 Parallax                               = 0 (0)
00:00:04.193568 Parallax enabled                       = 0 (0)
00:00:04.193569 Overstress                             = 0 (0)
00:00:04.193569 Overstress enabled                     = 0 (0)
00:00:04.193570 TM3 - Temperature Monitoring 3         = 0 (0)
00:00:04.193570 TM3-E - TM3 enabled                    = 0 (0)
00:00:04.193571 RNG2 - Random Number Generator 2       = 0 (0)
00:00:04.193571 RNG2-E - RNG2 enabled                  = 0 (0)
00:00:04.193572 24 - Reserved                          = 0 (0)
00:00:04.193572 PHE2 - Padlock Hash Engine 2           = 0 (0)
00:00:04.193573 PHE2-E - PHE2 enabled                  = 0 (0)
00:00:04.193573 Bit 27                                 = 1 (0)
00:00:04.193574 
00:00:04.193574 
00:00:04.193575 ******************** End of CPUID dump **********************
00:00:04.194412 HWACCM: Host CR4=000406F8
00:00:04.194413 HWACCM: MSR_IA32_FEATURE_CONTROL      = 5
00:00:04.194414 HWACCM: MSR_IA32_VMX_BASIC_INFO       = da040000000010
00:00:04.194415 HWACCM: VMCS id                       = 10
00:00:04.194416 HWACCM: VMCS size                     = 400
00:00:04.194416 HWACCM: VMCS physical address limit   = None
00:00:04.194417 HWACCM: VMCS memory type              = 6
00:00:04.194417 HWACCM: Dual monitor treatment        = 1
00:00:04.194418 HWACCM: MSR_IA32_VMX_PINBASED_CTLS    = 7f00000016
00:00:04.194418 HWACCM:    VMX_VMCS_CTRL_PIN_EXEC_CONTROLS_EXT_INT_EXIT
00:00:04.194419 HWACCM:    VMX_VMCS_CTRL_PIN_EXEC_CONTROLS_NMI_EXIT
00:00:04.194419 HWACCM:    VMX_VMCS_CTRL_PIN_EXEC_CONTROLS_VIRTUAL_NMI
00:00:04.194420 HWACCM:    VMX_VMCS_CTRL_PIN_EXEC_CONTROLS_PREEMPT_TIMER
00:00:04.194420 HWACCM: MSR_IA32_VMX_PROCBASED_CTLS   = fff9fffe0401e172
00:00:04.194421 HWACCM:    VMX_VMCS_CTRL_PROC_EXEC_CONTROLS_IRQ_WINDOW_EXIT
00:00:04.194422 HWACCM:    VMX_VMCS_CTRL_PROC_EXEC_CONTROLS_TSC_OFFSET
00:00:04.194422 HWACCM:    VMX_VMCS_CTRL_PROC_EXEC_CONTROLS_HLT_EXIT
00:00:04.194423 HWACCM:    VMX_VMCS_CTRL_PROC_EXEC_CONTROLS_INVLPG_EXIT
00:00:04.194423 HWACCM:    VMX_VMCS_CTRL_PROC_EXEC_CONTROLS_MWAIT_EXIT
00:00:04.194423 HWACCM:    VMX_VMCS_CTRL_PROC_EXEC_CONTROLS_RDPMC_EXIT
00:00:04.194424 HWACCM:    VMX_VMCS_CTRL_PROC_EXEC_CONTROLS_RDTSC_EXIT
00:00:04.194424 HWACCM:    VMX_VMCS_CTRL_PROC_EXEC_CONTROLS_CR3_LOAD_EXIT
00:00:04.194425 HWACCM:    VMX_VMCS_CTRL_PROC_EXEC_CONTROLS_CR3_STORE_EXIT
00:00:04.194425 HWACCM:    VMX_VMCS_CTRL_PROC_EXEC_CONTROLS_CR8_LOAD_EXIT
00:00:04.194425 HWACCM:    VMX_VMCS_CTRL_PROC_EXEC_CONTROLS_CR8_STORE_EXIT
00:00:04.194426 HWACCM:    VMX_VMCS_CTRL_PROC_EXEC_CONTROLS_USE_TPR_SHADOW
00:00:04.194426 HWACCM:    VMX_VMCS_CTRL_PROC_EXEC_CONTROLS_NMI_WINDOW_EXIT
00:00:04.194427 HWACCM:    VMX_VMCS_CTRL_PROC_EXEC_CONTROLS_MOV_DR_EXIT
00:00:04.194427 HWACCM:    VMX_VMCS_CTRL_PROC_EXEC_CONTROLS_UNCOND_IO_EXIT
00:00:04.194428 HWACCM:    VMX_VMCS_CTRL_PROC_EXEC_CONTROLS_USE_IO_BITMAPS
00:00:04.194428 HWACCM:    VMX_VMCS_CTRL_PROC_EXEC_CONTROLS_MONITOR_TRAP_FLAG
00:00:04.194429 HWACCM:    VMX_VMCS_CTRL_PROC_EXEC_CONTROLS_USE_MSR_BITMAPS
00:00:04.194429 HWACCM:    VMX_VMCS_CTRL_PROC_EXEC_CONTROLS_MONITOR_EXIT
00:00:04.194430 HWACCM:    VMX_VMCS_CTRL_PROC_EXEC_CONTROLS_PAUSE_EXIT
00:00:04.194430 HWACCM:    VMX_VMCS_CTRL_PROC_EXEC_USE_SECONDARY_EXEC_CTRL
00:00:04.194431 HWACCM:    VMX_VMCS_CTRL_PROC_EXEC_CONTROLS_CR3_LOAD_EXIT *must* be set
00:00:04.194432 HWACCM:    VMX_VMCS_CTRL_PROC_EXEC_CONTROLS_CR3_STORE_EXIT *must* be set
00:00:04.194434 HWACCM: MSR_IA32_VMX_PROCBASED_CTLS2  = 8ff00000000
00:00:04.194435 HWACCM:    VMX_VMCS_CTRL_PROC_EXEC2_VIRT_APIC
00:00:04.194435 HWACCM:    VMX_VMCS_CTRL_PROC_EXEC2_EPT
00:00:04.194435 HWACCM:    VMX_VMCS_CTRL_PROC_EXEC2_DESCRIPTOR_INSTR_EXIT
00:00:04.194436 HWACCM:    VMX_VMCS_CTRL_PROC_EXEC2_RDTSCP
00:00:04.194436 HWACCM:    VMX_VMCS_CTRL_PROC_EXEC2_X2APIC
00:00:04.194437 HWACCM:    VMX_VMCS_CTRL_PROC_EXEC2_VPID
00:00:04.194437 HWACCM:    VMX_VMCS_CTRL_PROC_EXEC2_WBINVD_EXIT
00:00:04.194437 HWACCM:    VMX_VMCS_CTRL_PROC_EXEC2_REAL_MODE
00:00:04.194438 HWACCM: MSR_IA32_VMX_ENTRY_CTLS       = ffff000011ff
00:00:04.194439 HWACCM:    VMX_VMCS_CTRL_ENTRY_CONTROLS_LOAD_DEBUG
00:00:04.194439 HWACCM:    VMX_VMCS_CTRL_ENTRY_CONTROLS_IA64_MODE
00:00:04.194439 HWACCM:    VMX_VMCS_CTRL_ENTRY_CONTROLS_ENTRY_SMM
00:00:04.194440 HWACCM:    VMX_VMCS_CTRL_ENTRY_CONTROLS_DEACTIVATE_DUALMON
00:00:04.194440 HWACCM:    VMX_VMCS_CTRL_ENTRY_CONTROLS_LOAD_GUEST_PERF_MSR
00:00:04.194441 HWACCM:    VMX_VMCS_CTRL_ENTRY_CONTROLS_LOAD_GUEST_PAT_MSR
00:00:04.194441 HWACCM:    VMX_VMCS_CTRL_ENTRY_CONTROLS_LOAD_GUEST_EFER_MSR
00:00:04.194442 HWACCM:    VMX_VMCS_CTRL_ENTRY_CONTROLS_LOAD_DEBUG *must* be set
00:00:04.194442 HWACCM: MSR_IA32_VMX_EXIT_CTLS        = 7fffff00036dff
00:00:04.194443 HWACCM:    VMX_VMCS_CTRL_EXIT_CONTROLS_SAVE_DEBUG
00:00:04.194443 HWACCM:    VMX_VMCS_CTRL_EXIT_CONTROLS_HOST_AMD64
00:00:04.194444 HWACCM:    VMX_VMCS_CTRL_EXIT_CONTROLS_ACK_EXTERNAL_IRQ
00:00:04.194444 HWACCM:    VMX_VMCS_CTRL_EXIT_CONTROLS_SAVE_GUEST_PAT_MSR
00:00:04.194445 HWACCM:    VMX_VMCS_CTRL_EXIT_CONTROLS_LOAD_HOST_PAT_MSR
00:00:04.194445 HWACCM:    VMX_VMCS_CTRL_EXIT_CONTROLS_SAVE_GUEST_EFER_MSR
00:00:04.194445 HWACCM:    VMX_VMCS_CTRL_EXIT_CONTROLS_LOAD_HOST_EFER_MSR
00:00:04.194446 HWACCM:    VMX_VMCS_CTRL_EXIT_CONTROLS_SAVE_VMX_PREEMPT_TIMER
00:00:04.194446 HWACCM:    VMX_VMCS_CTRL_EXIT_CONTROLS_SAVE_DEBUG *must* be set
00:00:04.194447 HWACCM: MSR_IA32_VMX_EPT_VPID_CAPS    = f0106114141
00:00:04.194448 HWACCM:    MSR_IA32_VMX_EPT_CAPS_RWX_X_ONLY
00:00:04.194448 HWACCM:    MSR_IA32_VMX_EPT_CAPS_GAW_48_BITS
00:00:04.194449 HWACCM:    MSR_IA32_VMX_EPT_CAPS_EMT_UC
00:00:04.194449 HWACCM:    MSR_IA32_VMX_EPT_CAPS_EMT_WB
00:00:04.194450 HWACCM:    MSR_IA32_VMX_EPT_CAPS_SP_21_BITS
00:00:04.194451 HWACCM:    MSR_IA32_VMX_EPT_CAPS_INVEPT
00:00:04.194451 HWACCM:    MSR_IA32_VMX_EPT_CAPS_INVEPT_CAPS_SINGLE_CONTEXT
00:00:04.194452 HWACCM:    MSR_IA32_VMX_EPT_CAPS_INVEPT_CAPS_ALL_CONTEXTS
00:00:04.194452 HWACCM:    MSR_IA32_VMX_EPT_CAPS_INVVPID
00:00:04.194453 HWACCM:    MSR_IA32_VMX_EPT_CAPS_INVVPID_CAPS_INDIV_ADDR
00:00:04.194453 HWACCM:    MSR_IA32_VMX_EPT_CAPS_INVVPID_CAPS_SINGLE_CONTEXT
00:00:04.194454 HWACCM:    MSR_IA32_VMX_EPT_CAPS_INVVPID_CAPS_ALL_CONTEXTS
00:00:04.194454 HWACCM:    MSR_IA32_VMX_EPT_CAPS_INVVPID_CAPS_SINGLE_CONTEXT_RETAIN_GLOBALS
00:00:04.194454 HWACCM: MSR_IA32_VMX_MISC             = 100401e5
00:00:04.194455 HWACCM:    MSR_IA32_VMX_MISC_PREEMPT_TSC_BIT 5
00:00:04.194456 HWACCM:    MSR_IA32_VMX_MISC_ACTIVITY_STATES 7
00:00:04.194456 HWACCM:    MSR_IA32_VMX_MISC_CR3_TARGET      4
00:00:04.194457 HWACCM:    MSR_IA32_VMX_MISC_MAX_MSR         200
00:00:04.194457 HWACCM:    MSR_IA32_VMX_MISC_MSEG_ID         0
00:00:04.194457 HWACCM: MSR_IA32_VMX_CR0_FIXED0       = 80000021
00:00:04.194458 HWACCM: MSR_IA32_VMX_CR0_FIXED1       = ffffffff
00:00:04.194459 HWACCM: MSR_IA32_VMX_CR4_FIXED0       = 2000
00:00:04.194459 HWACCM: MSR_IA32_VMX_CR4_FIXED1       = 1767ff
00:00:04.194460 HWACCM: MSR_IA32_VMX_VMCS_ENUM        = 2a
00:00:04.194461 HWACCM: TPR shadow physaddr           = 00000000d9c00000
00:00:04.194462 HWACCM: VCPU0: MSR bitmap physaddr    = 00000000d9bfd000
00:00:04.194462 HWACCM: VCPU0: VMCS physaddr          = 00000000d9bff000
00:00:04.194481 CPUMSetGuestCpuIdFeature: Enabled sysenter/exit
00:00:04.194482 CPUMSetGuestCpuIdFeature: Enabled PAE
00:00:04.194483 CPUMSetGuestCpuIdFeature: Enabled LONG MODE
00:00:04.194484 CPUMSetGuestCpuIdFeature: Enabled syscall/ret
00:00:04.194484 CPUMSetGuestCpuIdFeature: Enabled LAHF/SAHF
00:00:04.194485 CPUMSetGuestCpuIdFeature: Enabled NX
00:00:04.194485 HWACCM: 32-bit and 64-bit guests supported.
00:00:04.194485 HWACCM: VMX enabled!
00:00:04.194486 HWACCM: Enabled nested paging
00:00:04.194487 HWACCM: EPT root page                 = 00000000d9c1e000
00:00:04.194487 HWACCM: enmFlushEPT                   = VMX_FLUSH_EPT_SINGLE_CONTEXT
00:00:04.194488 HWACCM: Unrestricted guest execution enabled!
00:00:04.194488 HWACCM: Large page support enabled!
00:00:04.194489 HWACCM: Enabled VPID
00:00:04.194489 HWACCM: enmFlushVPID                  = VMX_FLUSH_VPID_SINGLE_CONTEXT
00:00:04.194489 HWACCM: TPR Patching disabled.
00:00:04.194491 HWACCM: Using the VMX-preemption timer (cPreemptTimerShift=5)
00:00:04.194492 HWACCM:    VT-x/AMD-V init method: LOCAL
00:00:04.207179 VM: Halt method global1 (5)
00:00:04.207219 HaltedGlobal1 config: cNsSpinBlockThresholdCfg=125000
00:00:04.207234 Changing the VM state from 'CREATING' to 'CREATED'.
00:00:04.207678 SharedFolders host service: adding host mapping
00:00:04.207692     Host path 'C:\datapps\VBx\SharedFolder', map name 'SharedFolder', writable, automount=false, create_symlinks=false, missing=false
00:00:04.208423 Changing the VM state from 'CREATED' to 'LOADING'.
00:00:04.209321 SSM: File header: Format 2.0, VirtualBox Version 4.2.18 r88780, 64-bit host, cbGCPhys=8, cbGCPtr=8
00:00:04.212057 VUSB: detached 'HidMouse' from port 1
00:00:04.212104 SSM: Saved state info:
00:00:04.212113 SSM:   Build Type: release
00:00:04.212119 SSM:   Host OS: win.amd64
00:00:04.212826 PCI:    PIIX3/0: register 60: 0b -> 05
00:00:04.212841 PCI:    PIIX3/0: register 61: 09 -> 0b
00:00:04.212848 PCI:    PIIX3/0: register 62: 0b -> 0a
00:00:04.212887 PCI: piix3ide/0: register 40: 00 -> 07
00:00:04.212896 PCI: piix3ide/0: register 41: 80 -> e3
00:00:04.212902 PCI: piix3ide/0: register 42: 00 -> 03
00:00:04.212909 PCI: piix3ide/0: register 43: 80 -> e3
00:00:04.212915 PCI: piix3ide/0: register 48: 00 -> 05
00:00:04.212921 PCI: piix3ide/0: register 4a: 00 -> 02
00:00:04.212926 PCI: piix3ide/0: register 4b: 00 -> 02
00:00:04.212933 PCI:      vga/0:  8-bit field INTERRUPT_LINE: 9 -> b
00:00:04.212941 PCI:      vga/0: 16-bit field COMMAND: 3 -> 7
00:00:04.215140 PCI:    pcnet/0:  8-bit field LATENCY_TIMER: 0 -> 60 - !READ ONLY!
00:00:04.215154 PCI:    pcnet/0:  8-bit field INTERRUPT_LINE: b -> a
00:00:04.215202 PCI:   VMMDev/0: 16-bit field COMMAND: 3 -> 7
00:00:04.215241 PCI:  ichac97/0:  8-bit field INTERRUPT_LINE: b -> 5
00:00:04.215249 PCI:  ichac97/0: 16-bit field COMMAND: 1 -> 7
00:00:04.215258 PCI: usb-ohci/0:  8-bit field INTERRUPT_LINE: 9 -> b
00:00:04.215265 PCI: usb-ohci/0: 16-bit field COMMAND: 2 -> 7
00:00:04.215290 PCI:     acpi/0: 16-bit field COMMAND: 1 -> 7
00:00:25.296376 TM: cTSCTicksPerSecond=0xb6c62c00 (3 066 440 704) fTSCVirtualized=true  fTSCUseRealTSC=false (state load)
00:00:25.296994 PIT: mode=2 count=0x2ead (11949) - 99.85 Hz (ch=0) (restore)
00:00:25.297019 RTC: stopped the periodic timer (restore)
00:00:25.297103 HGCM: restoring [VBoxSharedFolders]
00:00:25.297267 HGCM: restoring [VBoxGuestControlSvc]
00:00:25.297337 HGCM: restoring [VBoxGuestPropSvc]
00:00:25.297458 HGCM: restoring [VBoxDragAndDropSvc]
00:00:25.297467 HGCM: restoring [VBoxSharedClipboard]
00:00:25.297772 Guest Additions information report: additionsVersion = 0x00010004, osType = 0x00033000
00:00:25.322699 Audio: set_record_source ars=0 als=0 (not implemented)
00:00:25.323275 Display::handleDisplayResize(): uScreenId = 0, pvVRAM=0000000008f50000 w=1400 h=812 bpp=32 cbLine=0x15E0, flags=0x1
00:00:25.327713 Changing the VM state from 'LOADING' to 'SUSPENDED'.
00:00:25.327808 Changing the VM state from 'SUSPENDED' to 'RESUMING'.
00:00:25.327889 Changing the VM state from 'RESUMING' to 'RUNNING'.
00:00:25.472757 Display::handleDisplayResize(): uScreenId = 0, pvVRAM=0000000008f50000 w=1400 h=812 bpp=32 cbLine=0x15E0, flags=0x1
00:00:25.501082 2D video acceleration is disabled.
00:00:25.713968 VUSB: attached 'HidMouse' to port 1
00:00:26.014550 PIT: mode=2 count=0x4ad (1197) - 996.81 Hz (ch=0)
00:00:26.022360 PIT: mode=2 count=0x2ead (11949) - 99.85 Hz (ch=0)
00:00:26.033228 PIT: mode=2 count=0x4ad (1197) - 996.81 Hz (ch=0)
00:00:26.602223 OHCI: USB Suspended
00:00:26.786189 OHCI: USB Operational
00:00:28.074898 PIT: mode=2 count=0x2ead (11949) - 99.85 Hz (ch=0)
00:00:29.727354 PIT: mode=2 count=0x2ead (11949) - 99.85 Hz (ch=0)
00:00:30.463945 PCNet#0: The link is back up again after the restore.
00:00:30.730301 PIT: mode=2 count=0x2ead (11949) - 99.85 Hz (ch=0)
00:00:32.774342 PIT: mode=2 count=0x2553 (9555) - 124.87 Hz (ch=0)
00:00:33.207744 PIT: mode=2 count=0x129f (4767) - 250.30 Hz (ch=0)
00:00:34.159571 NAT: DNS#0: 148.164.51.80
00:00:34.159607 NAT: DNS#1: 148.164.57.204
00:00:34.159622 NAT: DHCP offered IP address 10.0.2.15
00:00:34.998604 PIT: mode=2 count=0x4ad (1197) - 996.81 Hz (ch=0)
00:00:35.238152 PIT: mode=2 count=0x2ead (11949) - 99.85 Hz (ch=0)
00:00:35.668655 PIT: mode=2 count=0x2ead (11949) - 99.85 Hz (ch=0)
00:00:38.883175 PIT: mode=2 count=0x4ad (1197) - 996.81 Hz (ch=0)
00:00:40.907144 PIT: mode=2 count=0x2ead (11949) - 99.85 Hz (ch=0)
00:00:40.997935 PIT: mode=2 count=0x2ead (11949) - 99.85 Hz (ch=0)
00:00:41.018519 PIT: mode=2 count=0x4ad (1197) - 996.81 Hz (ch=0)
00:00:41.019482 PIT: mode=2 count=0x2ead (11949) - 99.85 Hz (ch=0)
00:00:45.255249 PIT: mode=2 count=0x4ad (1197) - 996.81 Hz (ch=0)
00:00:45.256504 PIT: mode=2 count=0x2ead (11949) - 99.85 Hz (ch=0)
00:00:45.837871 PIT: mode=2 count=0x4ad (1197) - 996.81 Hz (ch=0)
00:00:45.838942 PIT: mode=2 count=0x2ead (11949) - 99.85 Hz (ch=0)
00:00:46.079455 PIT: mode=2 count=0x4ad (1197) - 996.81 Hz (ch=0)
00:00:46.080537 PIT: mode=2 count=0x2ead (11949) - 99.85 Hz (ch=0)
00:00:47.022532 PIT: mode=2 count=0x4ad (1197) - 996.81 Hz (ch=0)
00:00:47.024923 PIT: mode=2 count=0x2ead (11949) - 99.85 Hz (ch=0)
00:00:47.156069 PIT: mode=2 count=0x4ad (1197) - 996.81 Hz (ch=0)
00:00:50.180072 PIT: mode=2 count=0x2ead (11949) - 99.85 Hz (ch=0)
00:00:50.840173 PIT: mode=2 count=0x4ad (1197) - 996.81 Hz (ch=0)
00:00:50.841147 PIT: mode=2 count=0x2ead (11949) - 99.85 Hz (ch=0)
00:00:51.852642 PIT: mode=2 count=0x4ad (1197) - 996.81 Hz (ch=0)
00:00:51.854219 PIT: mode=2 count=0x2ead (11949) - 99.85 Hz (ch=0)
00:00:51.884717 PIT: mode=2 count=0x2553 (9555) - 124.87 Hz (ch=0)
00:00:53.022277 PIT: mode=2 count=0x4ad (1197) - 996.81 Hz (ch=0)
02:05:21.306727 NAT: error occurred while sending ICMP error message
